execute AT10_ASSBLY with Dragon on system Linux_aarch64 with custom compiler
use the existing directory Linux_aarch64
RunDirectory: /tmp/rundir15
use little endian libraries
AT10_ASSBLY access script terminated
End of execution. Total execution time: 4h 6min 4s
access AT-10_pin.save
total 25068
-rw-r--r-- 1 p117902 IGN      902 Apr 11 13:32 assertS.c2m
-rw-r--r-- 1 p117902 IGN      798 Apr 11 13:32 assertV.c2m
-rw-r--r-- 1 p117902 IGN   180826 Apr 11 17:38 AT10_ASSBLY.result
-rwxr-xr-x 1 p117902 IGN 24838696 Apr 11 13:32 code
-rw-r--r-- 1 p117902 IGN    67526 Apr 11 13:32 FIG_main.ps
-rw-r--r-- 1 p117902 IGN    25271 Apr 11 13:32 FIG_selfshielding.ps
-rw-r--r-- 1 p117902 IGN     7654 Apr 11 13:32 Geom_A2.c2m
-rw-r--r-- 1 p117902 IGN    32753 Apr 11 13:32 Geom_A.c2m
-rw-r--r-- 1 p117902 IGN    94978 Apr 11 13:32 Geom_A.l2m
-rw------- 1 p117902 IGN   146440 Apr 11 13:32 Geom_A.o2m
-rw-r--r-- 1 p117902 IGN     9627 Apr 11 13:32 Geom_C.c2m
-rw-r--r-- 1 p117902 IGN    10248 Apr 11 13:32 Geom_SS_noDIAG.c2m
-rw-r--r-- 1 p117902 IGN    19598 Apr 11 13:32 Geom_Test.c2m
lrwxrwxrwx 1 p117902 IGN      109 Apr 11 13:32 J311_295 -> /home/p117902/working_dir/PolyBWR_project/Version5_wc/Dragon/../../libraries/l_endian/draglibJeff3p1p1SHEM295
-rw-r--r-- 1 p117902 IGN    15768 Apr 11 13:32 Mix_ASSBLY.c2m
-rw-r--r-- 1 p117902 IGN    59010 Apr 11 13:32 Mix_ASSBLY.l2m
-rw------- 1 p117902 IGN    87972 Apr 11 13:32 Mix_ASSBLY.o2m
-rw-r--r-- 1 p117902 IGN     2173 Apr 11 13:32 mydata
-rw-r--r-- 1 p117902 IGN     1880 Apr 11 13:32 TRK_A_SALT.c2m
-rw-r--r-- 1 p117902 IGN     8962 Apr 11 13:32 TRK_A_SALT.l2m
-rw------- 1 p117902 IGN    11644 Apr 11 13:32 TRK_A_SALT.o2m
mv: cannot stat 'tracks_SALT_ASSBLY.m': No such file or directory
mv: cannot stat 'tracks_SALT_SS_ASSBLY.m': No such file or directory
AT10_ASSBLY.save completed
the listing is located on ./Linux_aarch64
 ++ TOTAL NUMBER OF FLUX CALCULATIONS=     30902
->@END MODULE   : FLU:        
-->>MODULE FLU:        : TIME SPENT=    10002.590 MEMORY USAGE= 0.000E+00
->@BEGIN MODULE : GREP:       
->@DESCRIPTION  : No description available for this module                                
->@CREDITS      : No author provided for this module                                      
->@COPYRIGHTS   : ECOLE POLYTECHNIQUE DE MONTREAL  
                  GNU LESSER GENERAL PUBLIC LICENSE
-->>module GREP:       : time spent=        0.000 memory usage= 0.000E+00
->@END MODULE   : GREP:       
>|AT10_nominal  t=0 calculation completed, Kinf =   1.056450e+00                                                          |>0048

 normal end of execution for dragon 5  Version 5.0.10 ($Revision: 3196 $)              
 check for warning in listing
 before assuming your run was successful
