execute BWR_project with PyGan on system Linux_aarch64
use the existing directory Linux_aarch64
RunDirectory: /tmp/rundir6
Python version= 3.8
use little endian libraries
AT-10_pin access script terminated
total 132
-rwxr-xr-x 1 p117902 IGN   449 Mar 18 23:49 assertS.py
-rwxr-xr-x 1 p117902 IGN   486 Mar 18 23:49 assertV.py
-rw-r--r-- 1 p117902 IGN  7984 Mar 18 23:49 BU_C.c2m
-rw-r--r-- 1 p117902 IGN  1152 Mar 18 23:49 BU_C.py
-rw-r--r-- 1 p117902 IGN  4355 Mar 18 23:49 GEO_C_NXT.c2m
-rw-r--r-- 1 p117902 IGN   981 Mar 18 23:49 GEO_C_NXT.py
-rw-r--r-- 1 p117902 IGN  4618 Mar 18 23:49 GEO_C_SALT.c2m
-rw-r--r-- 1 p117902 IGN   983 Mar 18 23:49 GEO_C_SALT.py
-rw-r--r-- 1 p117902 IGN 15799 Mar 18 23:49 getLists.py
lrwxrwxrwx 1 p117902 IGN    96 Mar 18 23:49 J311_295 -> /home/p117902/working_dir/Version5_ev3205/PyGan/../../libraries/l_endian/draglibJeff3p1p1SHEM295
-rw-r--r-- 1 p117902 IGN 18619 Mar 18 23:49 MIX_C.c2m
-rw-r--r-- 1 p117902 IGN   900 Mar 18 23:49 MIX_C.py
-rw-r--r-- 1 p117902 IGN  9798 Mar 18 23:49 mydata
-rw-r--r-- 1 p117902 IGN 14673 Mar 18 23:49 POSTPROC.py
-rw-r--r-- 1 p117902 IGN  2464 Mar 18 23:49 TRK_C_SALT.c2m
-rw-r--r-- 1 p117902 IGN  1613 Mar 18 23:49 TRK_C_SALT.py
-rw-r--r-- 1 p117902 IGN  2416 Mar 18 23:49 TRK_C_SYBNXT.c2m
-rw-r--r-- 1 p117902 IGN  1229 Mar 18 23:49 TRK_C_SYBNXT.py
SERPENT Serpent 2.1.32 found in /home/p117902/working_dir/BWR_project/Version5_ev3205/PyGan/data/serpent4PyGan_results/AT10_50UOX_mc_res.m, but version 2.1.31 is defined in settings
  Attempting to read anyway. Please report strange behaviors/failures to developers.
The PostScript backend does not support transparency; partially transparent artists will be rendered opaque.
The PostScript backend does not support transparency; partially transparent artists will be rendered opaque.
The PostScript backend does not support transparency; partially transparent artists will be rendered opaque.
The PostScript backend does not support transparency; partially transparent artists will be rendered opaque.
The PostScript backend does not support transparency; partially transparent artists will be rendered opaque.
The PostScript backend does not support transparency; partially transparent artists will be rendered opaque.
The PostScript backend does not support transparency; partially transparent artists will be rendered opaque.
The PostScript backend does not support transparency; partially transparent artists will be rendered opaque.
The PostScript backend does not support transparency; partially transparent artists will be rendered opaque.
The PostScript backend does not support transparency; partially transparent artists will be rendered opaque.
The PostScript backend does not support transparency; partially transparent artists will be rendered opaque.
The PostScript backend does not support transparency; partially transparent artists will be rendered opaque.
The PostScript backend does not support transparency; partially transparent artists will be rendered opaque.
The PostScript backend does not support transparency; partially transparent artists will be rendered opaque.
The PostScript backend does not support transparency; partially transparent artists will be rendered opaque.
The PostScript backend does not support transparency; partially transparent artists will be rendered opaque.
The PostScript backend does not support transparency; partially transparent artists will be rendered opaque.
The PostScript backend does not support transparency; partially transparent artists will be rendered opaque.
The PostScript backend does not support transparency; partially transparent artists will be rendered opaque.
The PostScript backend does not support transparency; partially transparent artists will be rendered opaque.
The PostScript backend does not support transparency; partially transparent artists will be rendered opaque.
The PostScript backend does not support transparency; partially transparent artists will be rendered opaque.
The PostScript backend does not support transparency; partially transparent artists will be rendered opaque.
The PostScript backend does not support transparency; partially transparent artists will be rendered opaque.
The PostScript backend does not support transparency; partially transparent artists will be rendered opaque.
The PostScript backend does not support transparency; partially transparent artists will be rendered opaque.
The PostScript backend does not support transparency; partially transparent artists will be rendered opaque.
The PostScript backend does not support transparency; partially transparent artists will be rendered opaque.
The PostScript backend does not support transparency; partially transparent artists will be rendered opaque.
The PostScript backend does not support transparency; partially transparent artists will be rendered opaque.
The PostScript backend does not support transparency; partially transparent artists will be rendered opaque.
The PostScript backend does not support transparency; partially transparent artists will be rendered opaque.
The PostScript backend does not support transparency; partially transparent artists will be rendered opaque.
The PostScript backend does not support transparency; partially transparent artists will be rendered opaque.
The PostScript backend does not support transparency; partially transparent artists will be rendered opaque.
The PostScript backend does not support transparency; partially transparent artists will be rendered opaque.
The PostScript backend does not support transparency; partially transparent artists will be rendered opaque.
The PostScript backend does not support transparency; partially transparent artists will be rendered opaque.
The PostScript backend does not support transparency; partially transparent artists will be rendered opaque.
The PostScript backend does not support transparency; partially transparent artists will be rendered opaque.
The PostScript backend does not support transparency; partially transparent artists will be rendered opaque.
The PostScript backend does not support transparency; partially transparent artists will be rendered opaque.
The PostScript backend does not support transparency; partially transparent artists will be rendered opaque.
Traceback (most recent call last):
  File "mydata", line 268, in <module>
    _
NameError: name '_' is not defined
End of execution. Total execution time: 0h 6min 23s
$$$ ----- BWR.save : script begin
$$$ ----- BWR.save : script finish
the listing is located on ./Linux_aarch64
    3    (   5)  inpu_val0004   ( 0)  TF_EXC
    4    (   3)  inpu_val0005   ( 1)  TRACK_SS
    5    (   5)  inpu_val0006   ( 0)  TF_EXC_SS
    6    (   3)  inpu_val0007   ( 1)  burnup_steps
    7    (  11)  inpu_val0008         val = 1
    8    (  13)  inpu_val0009         val = 'AT10_UOX'
    9    (  13)  inpu_val0010         val = './_COMPO_AT10_UOX_AT10_50UOXSALT_UOx_autop5'

 access= 0:creation mode / 1:modification mode / 2:read-only mode

$$$ -------- POSTPROC.py : DRAGON5 figures 
$$$ -------- POSTPROC.py : Serpent2 figures 
$$$ -------- POSTPROC.py : Comparison DRAGON5 / Serpent2 figures 
$$$ -------- POSTPROC.py : ERROR DRAGON5-Serpent2 figures 
cle2000_dealloc: deallocate a cle2000 object
execute BWR_project with PyGan on system Linux_aarch64
use the existing directory Linux_aarch64
RunDirectory: /tmp/rundir10
Python version= 3.8
use little endian libraries
AT-10_pin access script terminated
total 132
-rwxr-xr-x 1 p117902 IGN   449 Mar 20 16:13 assertS.py
-rwxr-xr-x 1 p117902 IGN   486 Mar 20 16:13 assertV.py
-rw-r--r-- 1 p117902 IGN  7984 Mar 20 16:13 BU_C.c2m
-rw-r--r-- 1 p117902 IGN  1152 Mar 20 16:13 BU_C.py
-rw-r--r-- 1 p117902 IGN  4355 Mar 20 16:13 GEO_C_NXT.c2m
-rw-r--r-- 1 p117902 IGN   981 Mar 20 16:13 GEO_C_NXT.py
-rw-r--r-- 1 p117902 IGN  4618 Mar 20 16:13 GEO_C_SALT.c2m
-rw-r--r-- 1 p117902 IGN   983 Mar 20 16:13 GEO_C_SALT.py
-rw-r--r-- 1 p117902 IGN 15799 Mar 20 16:13 getLists.py
lrwxrwxrwx 1 p117902 IGN   116 Mar 20 16:13 J311_295 -> /home/p117902/working_dir/BWR_project/Version5_ev3205_bateman/PyGan/../../libraries/l_endian/draglibJeff3p1p1SHEM295
-rw-r--r-- 1 p117902 IGN 18619 Mar 20 16:13 MIX_C.c2m
-rw-r--r-- 1 p117902 IGN   900 Mar 20 16:13 MIX_C.py
-rw-r--r-- 1 p117902 IGN 10053 Mar 20 16:13 mydata
-rw-r--r-- 1 p117902 IGN 15297 Mar 20 16:13 POSTPROC.py
-rw-r--r-- 1 p117902 IGN  2464 Mar 20 16:13 TRK_C_SALT.c2m
-rw-r--r-- 1 p117902 IGN  1613 Mar 20 16:13 TRK_C_SALT.py
-rw-r--r-- 1 p117902 IGN  2416 Mar 20 16:13 TRK_C_SYBNXT.c2m
-rw-r--r-- 1 p117902 IGN  1229 Mar 20 16:13 TRK_C_SYBNXT.py
SERPENT Serpent 2.1.32 found in /home/p117902/Serpent2/Linux_x86_64/AT10_24UOX_mc_res.m, but version 2.1.31 is defined in settings
  Attempting to read anyway. Please report strange behaviors/failures to developers.
The PostScript backend does not support transparency; partially transparent artists will be rendered opaque.
The PostScript backend does not support transparency; partially transparent artists will be rendered opaque.
The PostScript backend does not support transparency; partially transparent artists will be rendered opaque.
The PostScript backend does not support transparency; partially transparent artists will be rendered opaque.
The PostScript backend does not support transparency; partially transparent artists will be rendered opaque.
The PostScript backend does not support transparency; partially transparent artists will be rendered opaque.
The PostScript backend does not support transparency; partially transparent artists will be rendered opaque.
The PostScript backend does not support transparency; partially transparent artists will be rendered opaque.
The PostScript backend does not support transparency; partially transparent artists will be rendered opaque.
The PostScript backend does not support transparency; partially transparent artists will be rendered opaque.
The PostScript backend does not support transparency; partially transparent artists will be rendered opaque.
The PostScript backend does not support transparency; partially transparent artists will be rendered opaque.
End of execution. Total execution time: 0h 6min 11s
$$$ ----- BWR.save : script begin
$$$ ----- BWR.save : script finish
the listing is located on ./Linux_aarch64
 -0.89719026 -0.93489795 -0.97690721 -0.9389864  -1.00601285 -1.04377517
 -0.99739104 -0.96442266 -0.9721102  -0.98167592 -0.94950592 -1.02148829
 -0.88675894 -0.69022707 -0.54229874 -0.45778589 -0.41160354 -0.39902617
 -0.40563353]
Xe135
[ 0.         -3.56323247 -4.26823907 -4.81130837 -5.87342934 -6.63815539
 -6.85929339 -6.4306197  -6.12413581 -4.84939569 -4.46349288 -4.46476436
 -4.47192917 -4.34419256 -4.21247087 -4.15102221 -4.09940765 -4.0334994
 -4.06676508 -4.00212833 -3.95147024 -3.99650743 -3.90681468 -3.8702726
 -3.80233612 -3.8661391  -3.69215878 -3.60060468 -3.44084035 -3.38338529
 -3.37125982 -3.32611719 -3.22968491 -3.22904624 -3.14364261 -2.99668641
 -2.74739987 -2.3815203  -2.16704223 -1.9234052  -1.71488107 -1.50994133
 -0.86860206  0.26559957  0.99530581  1.45620753  1.93896914  2.54159533
  3.22195721]
cle2000_dealloc: deallocate a cle2000 object
execute BWR_project with PyGan on system Linux_aarch64
use the existing directory Linux_aarch64
RunDirectory: /tmp/rundir10
Python version= 3.8
use little endian libraries
AT-10_pin access script terminated
total 132
-rwxr-xr-x 1 p117902 IGN   449 Mar 20 16:22 assertS.py
-rwxr-xr-x 1 p117902 IGN   486 Mar 20 16:22 assertV.py
-rw-r--r-- 1 p117902 IGN  7984 Mar 20 16:22 BU_C.c2m
-rw-r--r-- 1 p117902 IGN  1152 Mar 20 16:22 BU_C.py
-rw-r--r-- 1 p117902 IGN  4355 Mar 20 16:22 GEO_C_NXT.c2m
-rw-r--r-- 1 p117902 IGN   981 Mar 20 16:22 GEO_C_NXT.py
-rw-r--r-- 1 p117902 IGN  4618 Mar 20 16:22 GEO_C_SALT.c2m
-rw-r--r-- 1 p117902 IGN   983 Mar 20 16:22 GEO_C_SALT.py
-rw-r--r-- 1 p117902 IGN 15799 Mar 20 16:22 getLists.py
lrwxrwxrwx 1 p117902 IGN   116 Mar 20 16:22 J311_295 -> /home/p117902/working_dir/BWR_project/Version5_ev3205_bateman/PyGan/../../libraries/l_endian/draglibJeff3p1p1SHEM295
-rw-r--r-- 1 p117902 IGN 18619 Mar 20 16:22 MIX_C.c2m
-rw-r--r-- 1 p117902 IGN   900 Mar 20 16:22 MIX_C.py
-rw-r--r-- 1 p117902 IGN 10053 Mar 20 16:22 mydata
-rw-r--r-- 1 p117902 IGN 15297 Mar 20 16:22 POSTPROC.py
-rw-r--r-- 1 p117902 IGN  2464 Mar 20 16:22 TRK_C_SALT.c2m
-rw-r--r-- 1 p117902 IGN  1613 Mar 20 16:22 TRK_C_SALT.py
-rw-r--r-- 1 p117902 IGN  2416 Mar 20 16:22 TRK_C_SYBNXT.c2m
-rw-r--r-- 1 p117902 IGN  1229 Mar 20 16:22 TRK_C_SYBNXT.py
SERPENT Serpent 2.1.32 found in /home/p117902/Serpent2/Linux_x86_64/AT10_50UOX_mc_res.m, but version 2.1.31 is defined in settings
  Attempting to read anyway. Please report strange behaviors/failures to developers.
The PostScript backend does not support transparency; partially transparent artists will be rendered opaque.
The PostScript backend does not support transparency; partially transparent artists will be rendered opaque.
The PostScript backend does not support transparency; partially transparent artists will be rendered opaque.
The PostScript backend does not support transparency; partially transparent artists will be rendered opaque.
The PostScript backend does not support transparency; partially transparent artists will be rendered opaque.
The PostScript backend does not support transparency; partially transparent artists will be rendered opaque.
The PostScript backend does not support transparency; partially transparent artists will be rendered opaque.
The PostScript backend does not support transparency; partially transparent artists will be rendered opaque.
The PostScript backend does not support transparency; partially transparent artists will be rendered opaque.
The PostScript backend does not support transparency; partially transparent artists will be rendered opaque.
The PostScript backend does not support transparency; partially transparent artists will be rendered opaque.
The PostScript backend does not support transparency; partially transparent artists will be rendered opaque.
End of execution. Total execution time: 0h 6min 7s
$$$ ----- BWR.save : script begin
$$$ ----- BWR.save : script finish
the listing is located on ./Linux_aarch64
 -0.51183492 -0.58936233 -0.61886432 -0.55408355 -0.64919178 -0.73929087
 -0.76042873 -0.86195059 -0.99809611 -1.00209238 -1.08298673 -1.1805493
 -1.16592083 -1.41128976 -1.55438652 -1.60829691 -1.71793409 -1.76573543
 -1.78680885]
Xe135
[ 0.         -2.97108726 -3.71484085 -4.15998322 -4.90971837 -5.56270926
 -6.53211665 -6.87464214 -6.96454136 -6.40125725 -6.15692912 -6.08792537
 -5.92156002 -5.8004154  -5.6542906  -5.53588752 -5.41628786 -5.34305561
 -5.2651557  -5.17366363 -5.08825128 -5.04873588 -4.92787389 -4.84183191
 -4.82310575 -4.76738243 -4.66410824 -4.67894194 -4.49738482 -4.44569771
 -4.32198727 -4.29740532 -4.16075394 -4.16403031 -3.93621257 -3.92960728
 -3.89894441 -3.72371011 -3.62841492 -3.37998562 -3.20875792 -3.01836591
 -2.68673493 -2.4829637  -2.13830808 -1.72975212 -1.50815135 -1.07549118
 -0.54534972]
cle2000_dealloc: deallocate a cle2000 object
execute BWR_project with PyGan on system Linux_aarch64
use the existing directory Linux_aarch64
RunDirectory: /tmp/rundir10
Python version= 3.8
use little endian libraries
AT-10_pin access script terminated
total 132
-rwxr-xr-x 1 p117902 IGN   449 Mar 20 16:45 assertS.py
-rwxr-xr-x 1 p117902 IGN   486 Mar 20 16:45 assertV.py
-rw-r--r-- 1 p117902 IGN  7984 Mar 20 16:45 BU_C.c2m
-rw-r--r-- 1 p117902 IGN  1152 Mar 20 16:45 BU_C.py
-rw-r--r-- 1 p117902 IGN  4355 Mar 20 16:45 GEO_C_NXT.c2m
-rw-r--r-- 1 p117902 IGN   981 Mar 20 16:45 GEO_C_NXT.py
-rw-r--r-- 1 p117902 IGN  4618 Mar 20 16:45 GEO_C_SALT.c2m
-rw-r--r-- 1 p117902 IGN   983 Mar 20 16:45 GEO_C_SALT.py
-rw-r--r-- 1 p117902 IGN 15799 Mar 20 16:45 getLists.py
lrwxrwxrwx 1 p117902 IGN   116 Mar 20 16:45 J311_295 -> /home/p117902/working_dir/BWR_project/Version5_ev3205_bateman/PyGan/../../libraries/l_endian/draglibJeff3p1p1SHEM295
-rw-r--r-- 1 p117902 IGN 18619 Mar 20 16:45 MIX_C.c2m
-rw-r--r-- 1 p117902 IGN   900 Mar 20 16:45 MIX_C.py
-rw-r--r-- 1 p117902 IGN 10058 Mar 20 16:45 mydata
-rw-r--r-- 1 p117902 IGN 15297 Mar 20 16:45 POSTPROC.py
-rw-r--r-- 1 p117902 IGN  2464 Mar 20 16:45 TRK_C_SALT.c2m
-rw-r--r-- 1 p117902 IGN  1613 Mar 20 16:45 TRK_C_SALT.py
-rw-r--r-- 1 p117902 IGN  2416 Mar 20 16:45 TRK_C_SYBNXT.c2m
-rw-r--r-- 1 p117902 IGN  1229 Mar 20 16:45 TRK_C_SYBNXT.py
SERPENT Serpent 2.1.32 found in /home/p117902/Serpent2/Linux_x86_64/AT10_45Gd_mc_res.m, but version 2.1.31 is defined in settings
  Attempting to read anyway. Please report strange behaviors/failures to developers.
The PostScript backend does not support transparency; partially transparent artists will be rendered opaque.
The PostScript backend does not support transparency; partially transparent artists will be rendered opaque.
The PostScript backend does not support transparency; partially transparent artists will be rendered opaque.
The PostScript backend does not support transparency; partially transparent artists will be rendered opaque.
The PostScript backend does not support transparency; partially transparent artists will be rendered opaque.
The PostScript backend does not support transparency; partially transparent artists will be rendered opaque.
The PostScript backend does not support transparency; partially transparent artists will be rendered opaque.
The PostScript backend does not support transparency; partially transparent artists will be rendered opaque.
The PostScript backend does not support transparency; partially transparent artists will be rendered opaque.
The PostScript backend does not support transparency; partially transparent artists will be rendered opaque.
The PostScript backend does not support transparency; partially transparent artists will be rendered opaque.
The PostScript backend does not support transparency; partially transparent artists will be rendered opaque.
End of execution. Total execution time: 0h 9min 54s
$$$ ----- BWR.save : script begin
$$$ ----- BWR.save : script finish
the listing is located on ./Linux_aarch64
Xe135
[-6.29330261e-07 -2.77830343e-01 -3.55039642e-01 -4.23730789e-01
 -1.40192713e+00 -2.62367111e+00 -6.84140610e+00 -1.07669382e+01
 -1.45865752e+01 -2.97501865e+01 -3.62473275e+01 -4.21106166e+01
 -4.76160923e+01 -5.28114875e+01 -5.77192952e+01 -6.12336604e+01
 -6.46952272e+01 -6.81510561e+01 -7.15182715e+01 -7.48108894e+01
 -7.80180011e+01 -8.11178963e+01 -8.40859054e+01 -8.68891888e+01
 -8.94887202e+01 -9.18383436e+01 -9.58206053e+01 -9.81807081e+01
 -9.91266334e+01 -9.93835886e+01 -9.94334430e+01 -9.94278611e+01
 -9.93979221e+01 -9.94075893e+01 -9.93310619e+01 -9.92625617e+01
 -9.91997731e+01 -9.91280772e+01 -9.90428543e+01 -9.89483669e+01
 -9.88431956e+01 -9.87236852e+01 -9.85898851e+01 -9.84365106e+01
 -9.82584238e+01 -9.80481550e+01 -9.77992176e+01 -9.75021542e+01
 -9.71445253e+01]
cle2000_dealloc: deallocate a cle2000 object
