execute AT10_PIN with Dragon on system Linux_x86_64 with custom compiler
use the existing directory Linux_x86_64
RunDirectory: /tmp/rundir30
use little endian libraries
AT-10_pin access script terminated
End of execution. Total execution time: 0h 13min 40s
access AT-10_pin.save
total 29536
-rw-r--r--. 1 p117902 IGN      902 Mar 16 15:41 assertS.c2m
-rw-r--r--. 1 p117902 IGN      798 Mar 16 15:41 assertV.c2m
-rw-r--r--. 1 p117902 IGN  2117601 Mar 16 15:54 AT10_PIN.result
-rw-r--r--. 1 p117902 IGN     7980 Mar 16 15:41 BU_C_SALT.c2m
-rw-r--r--. 1 p117902 IGN    24550 Mar 16 15:41 BU_C_SALT.l2m
-rw-------. 1 p117902 IGN    34768 Mar 16 15:41 BU_C_SALT.o2m
-rw-r--r--. 1 p117902 IGN     8315 Mar 16 15:41 BU_C_SYBNXT.c2m
-rwxr-xr-x. 1 p117902 IGN 23835256 Mar 16 15:40 code
-rw-r--r--. 1 p117902 IGN  3875430 Mar 16 15:54 COMPO_AT10_1
-rw-r--r--. 1 p117902 IGN     4355 Mar 16 15:41 Geom_C.c2m
-rw-r--r--. 1 p117902 IGN     4618 Mar 16 15:41 Geom_C_SALT.c2m
-rw-r--r--. 1 p117902 IGN    12930 Mar 16 15:41 Geom_C_SALT.l2m
-rw-------. 1 p117902 IGN    18224 Mar 16 15:41 Geom_C_SALT.o2m
lrwxrwxrwx. 1 p117902 IGN      114 Mar 16 15:41 J311_295 -> /home/p117902/working_dir/BWR_project/Version5_beta_ev3198/Dragon/../../libraries/l_endian/draglibJeff3p1p1SHEM295
-rw-r--r--. 1 p117902 IGN    18619 Mar 16 15:41 Mix_Cell.c2m
-rw-r--r--. 1 p117902 IGN    75650 Mar 16 15:41 Mix_Cell.l2m
-rw-------. 1 p117902 IGN   111848 Mar 16 15:41 Mix_Cell.o2m
-rw-r--r--. 1 p117902 IGN     3953 Mar 16 15:41 mydata
-rw-r--r--. 1 p117902 IGN     4685 Mar 16 15:41 PIN_AT10_FIG_FLX.ps
-rw-r--r--. 1 p117902 IGN     3759 Mar 16 15:41 PIN_AT10_FIG_SS.ps
-rw-r--r--. 1 p117902 IGN     2464 Mar 16 15:41 TRK_C_SALT.c2m
-rw-r--r--. 1 p117902 IGN     8322 Mar 16 15:41 TRK_C_SALT.l2m
-rw-------. 1 p117902 IGN    11456 Mar 16 15:41 TRK_C_SALT.o2m
-rw-r--r--. 1 p117902 IGN     1604 Mar 16 15:41 TRK_C_SYB.c2m
-rw-r--r--. 1 p117902 IGN     2458 Mar 16 15:41 TRK_C_SYBNXT.c2m
AT-10_pin.save completed
the listing is located on ./Linux_x86_64
>|+++ Burnup=  6.000000e+04  Kinf=  8.239566e-01  at step 49                                                              |>0166
->@BEGIN MODULE : EQU:        
->@DESCRIPTION  : No description available for this module                                
->@CREDITS      : No author provided for this module                                      
->@COPYRIGHTS   : ECOLE POLYTECHNIQUE DE MONTREAL  
                  GNU LESSER GENERAL PUBLIC LICENSE

 DRVEQU: A LCM OBJECT NAMED 'COMPO       ' WAS EXPORTED TO FILE '_COMPO      '.
-->>module EQU:        : time spent=        0.169 memory usage= 2.800E+02
->@END MODULE   : EQU:        
>|AT10_24UOX_SALT_TSPC completed                                                                                          |>0060

 normal end of execution for dragon 5  Version 5.0.10 ($Revision: 3198 $)              
 check for warning in listing
 before assuming your run was successful
execute AT10_ASSBLY with Dragon on system Linux_x86_64 with custom compiler
use the existing directory Linux_x86_64
RunDirectory: /tmp/rundir30
use little endian libraries
AT10_ASSBLY access script terminated
execute AT10_ASSBLY with Dragon on system Linux_x86_64 with custom compiler
use the existing directory Linux_x86_64
RunDirectory: /tmp/rundir29
use little endian libraries
AT10_ASSBLY access script terminated
./rdragon: line 119: 24262 Terminated              ./code < mydata > $xxx.result
End of execution. Total execution time: 0h 1min 11s
access AT-10_pin.save
total 212620
-rw-r--r--. 1 p117902 IGN       902 Mar 17 00:59 assertS.c2m
-rw-r--r--. 1 p117902 IGN       798 Mar 17 00:59 assertV.c2m
-rw-r--r--. 1 p117902 IGN 169579486 Mar 17 00:59 AT10_ASSBLY.result
-rwxr-xr-x. 1 p117902 IGN  23835256 Mar 17 00:59 code
-rw-r--r--. 1 p117902 IGN     67526 Mar 17 00:59 FIG_main.ps
-rw-r--r--. 1 p117902 IGN     25271 Mar 17 00:59 FIG_selfshielding.ps
-rw-r--r--. 1 p117902 IGN    393843 Mar 17 00:59 Geo_G2S
-rw-r--r--. 1 p117902 IGN      7654 Mar 17 00:59 Geom_A2.c2m
-rw-r--r--. 1 p117902 IGN     31993 Mar 17 00:59 Geom_A.c2m
-rw-r--r--. 1 p117902 IGN     91387 Mar 17 00:59 Geom_A.l2m
-rw-------. 1 p117902 IGN    141176 Mar 17 00:59 Geom_A.o2m
-rw-r--r--. 1 p117902 IGN      9627 Mar 17 00:59 Geom_C.c2m
-rw-r--r--. 1 p117902 IGN     19598 Mar 17 00:59 Geom_Test.c2m
-rw-r--r--. 1 p117902 IGN    145261 Mar 17 00:59 GeoSS_G2S
lrwxrwxrwx. 1 p117902 IGN       114 Mar 17 00:59 J311_295 -> /home/p117902/working_dir/BWR_project/Version5_beta_ev3198/Dragon/../../libraries/l_endian/draglibJeff3p1p1SHEM295
-rw-------. 1 p117902 IGN     13148 Mar 17 00:59 _main001
-rw-------. 1 p117902 IGN     87972 Mar 17 00:59 _Mix_ASSBLY002
-rw-r--r--. 1 p117902 IGN     15768 Mar 17 00:59 Mix_ASSBLY.c2m
-rw-r--r--. 1 p117902 IGN     59010 Mar 17 00:59 Mix_ASSBLY.l2m
-rw-------. 1 p117902 IGN     87972 Mar 17 00:59 Mix_ASSBLY.o2m
-rw-r--r--. 1 p117902 IGN      2194 Mar 17 00:59 mydata
-rw-r--r--. 1 p117902 IGN  20412696 Mar 17 00:59 TRACK_EXC
-rw-r--r--. 1 p117902 IGN   2613456 Mar 17 00:59 TRACKSS_EXC
-rw-r--r--. 1 p117902 IGN      1805 Mar 17 00:59 TRK_A_SALT.c2m
-rw-r--r--. 1 p117902 IGN      8962 Mar 17 00:59 TRK_A_SALT.l2m
-rw-------. 1 p117902 IGN     11832 Mar 17 00:59 TRK_A_SALT.o2m
mv: cannot stat ‘tracks_SALT_ASSBLY.m’: No such file or directory
mv: cannot stat ‘tracks_SALT_SS_ASSBLY.m’: No such file or directory
AT10_ASSBLY.save completed
./rdragon: line 119: 11696 Terminated              ./code < mydata > $xxx.result
End of execution. Total execution time: 8h 5min 12s
access AT-10_pin.save
total 212544
-rw-r--r--. 1 p117902 IGN       902 Mar 16 16:55 assertS.c2m
-rw-r--r--. 1 p117902 IGN       798 Mar 16 16:55 assertV.c2m
-rw-r--r--. 1 p117902 IGN 169592668 Mar 17 00:45 AT10_ASSBLY.result
-rwxr-xr-x. 1 p117902 IGN  23835256 Mar 16 16:55 code
-rw-r--r--. 1 p117902 IGN     67526 Mar 16 16:55 FIG_main.ps
-rw-r--r--. 1 p117902 IGN     25271 Mar 16 16:55 FIG_selfshielding.ps
-rw-r--r--. 1 p117902 IGN    393843 Mar 16 16:55 Geo_G2S
-rw-r--r--. 1 p117902 IGN      7654 Mar 16 16:55 Geom_A2.c2m
-rw-r--r--. 1 p117902 IGN     31993 Mar 16 16:55 Geom_A.c2m
-rw-r--r--. 1 p117902 IGN     91387 Mar 16 16:55 Geom_A.l2m
-rw-------. 1 p117902 IGN    141176 Mar 16 16:55 Geom_A.o2m
-rw-r--r--. 1 p117902 IGN      9627 Mar 16 16:55 Geom_C.c2m
-rw-r--r--. 1 p117902 IGN     19598 Mar 16 16:55 Geom_Test.c2m
-rw-r--r--. 1 p117902 IGN    145261 Mar 16 16:55 GeoSS_G2S
lrwxrwxrwx. 1 p117902 IGN       114 Mar 16 16:55 J311_295 -> /home/p117902/working_dir/BWR_project/Version5_beta_ev3198/Dragon/../../libraries/l_endian/draglibJeff3p1p1SHEM295
-rw-------. 1 p117902 IGN     13148 Mar 16 16:55 _main001
-rw-r--r--. 1 p117902 IGN     15768 Mar 16 16:55 Mix_ASSBLY.c2m
-rw-r--r--. 1 p117902 IGN     59010 Mar 16 16:55 Mix_ASSBLY.l2m
-rw-------. 1 p117902 IGN     87972 Mar 16 16:55 Mix_ASSBLY.o2m
-rw-r--r--. 1 p117902 IGN      2198 Mar 16 16:55 mydata
-rw-r--r--. 1 p117902 IGN  20412696 Mar 16 16:55 TRACK_EXC
-rw-r--r--. 1 p117902 IGN   2613456 Mar 16 16:55 TRACKSS_EXC
-rw-r--r--. 1 p117902 IGN      1805 Mar 16 16:55 TRK_A_SALT.c2m
-rw-r--r--. 1 p117902 IGN      8962 Mar 16 16:55 TRK_A_SALT.l2m
-rw-------. 1 p117902 IGN     11832 Mar 16 16:55 TRK_A_SALT.o2m
mv: cannot stat ‘tracks_SALT_ASSBLY.m’: No such file or directory
mv: cannot stat ‘tracks_SALT_SS_ASSBLY.m’: No such file or directory
AT10_ASSBLY.save completed
the listing is located on ./Linux_x86_64
          M O C PARAMETERS:  CYCLIC - STIS 1 - SC SCHEME - TABULATED EXP                             
          IN( 24) FLX: PRC= 1.01E-03 TAR= 5.00E-05 IGDEB=           75 ACCE=     1.32474
                  FIRST UNCONVERGED GROUP PRC= 0.23E-03
          M O C PARAMETERS:  CYCLIC - STIS 1 - SC SCHEME - TABULATED EXP                             
          IN( 25) FLX: PRC= 7.06E-04 TAR= 5.00E-05 IGDEB=           85 ACCE=     1.00000
                  FIRST UNCONVERGED GROUP PRC= 0.63E-04
          M O C PARAMETERS:  CYCLIC - STIS 1 - SC SCHEME - TABULATED EXP                             
          IN( 26) FLX: PRC= 6.60E-04 TAR= 5.00E-05 IGDEB=          105 ACCE=     1.00000
                  FIRST UNCONVERGED GROUP PRC= 0.87E-04
          M O C PARAMETERS:  CYCLIC - STIS 1 - SC SCHEME - TABULATED EXP                             
          IN( 27) FLX: PRC= 6.17E-04 TAR= 5.00E-05 IGDEB=          109 ACCE=     1.00000
                  FIRST UNCONVERGED GROUP PRC= 0.60E-04
          M O C PARAMETERS:  CYCLIC - STIS 1 - SC SCHEME - TABULATED EXP                             
          IN( 28) FLX: PRC= 4.95E-04 TAR= 5.00E-05 IGDEB=          110 ACCE=     1.75430
                  FIRST UNCONVERGED GROUP PRC= 0.58E-04
the listing is located on ./Linux_x86_64
          M O C PARAMETERS:  CYCLIC - STIS 1 - SC SCHEME - TABULATED EXP                             
          IN( 24) FLX: PRC= 1.01E-03 TAR= 5.00E-05 IGDEB=           75 ACCE=     1.32474
                  FIRST UNCONVERGED GROUP PRC= 0.23E-03
          M O C PARAMETERS:  CYCLIC - STIS 1 - SC SCHEME - TABULATED EXP                             
          IN( 25) FLX: PRC= 7.06E-04 TAR= 5.00E-05 IGDEB=           85 ACCE=     1.00000
                  FIRST UNCONVERGED GROUP PRC= 0.63E-04
          M O C PARAMETERS:  CYCLIC - STIS 1 - SC SCHEME - TABULATED EXP                             
          IN( 26) FLX: PRC= 6.60E-04 TAR= 5.00E-05 IGDEB=          105 ACCE=     1.00000
                  FIRST UNCONVERGED GROUP PRC= 0.87E-04
          M O C PARAMETERS:  CYCLIC - STIS 1 - SC SCHEME - TABULATED EXP                             
          IN( 27) FLX: PRC= 6.17E-04 TAR= 5.00E-05 IGDEB=          109 ACCE=     1.00000
                  FIRST UNCONVERGED GROUP PRC= 0.60E-04
          M O C PARAMETERS:  CYCLIC - STIS 1 - SC SCHEME - TABULATED EXP                             
          IN( 28) FLX: PRC= 4.95E-04 TAR= 5.00E-05 IGDEB=          110 ACCE=     1.75430
                  FIRST UNCONVERGED GROUP PRC= 0.58E-04
execute AT10_ASSBLY with Dragon on system Linux_x86_64 with custom compiler
use the existing directory Linux_x86_64
RunDirectory: /tmp/rundir29
use little endian libraries
AT10_ASSBLY access script terminated
execute AT10_PIN with Dragon on system Linux_x86_64 with custom compiler
use the existing directory Linux_x86_64
RunDirectory: /tmp/rundir31
use little endian libraries
AT-10_pin access script terminated
End of execution. Total execution time: 0h 29min 15s
access AT-10_pin.save
total 34564
-rw-r--r--. 1 p117902 IGN      902 Mar 17 01:03 assertS.c2m
-rw-r--r--. 1 p117902 IGN      798 Mar 17 01:03 assertV.c2m
-rw-r--r--. 1 p117902 IGN  4715654 Mar 17 01:33 AT10_PIN.result
-rw-r--r--. 1 p117902 IGN     7980 Mar 17 01:03 BU_C_SALT.c2m
-rw-r--r--. 1 p117902 IGN    24550 Mar 17 01:04 BU_C_SALT.l2m
-rw-------. 1 p117902 IGN    34768 Mar 17 01:04 BU_C_SALT.o2m
-rw-r--r--. 1 p117902 IGN     8315 Mar 17 01:03 BU_C_SYBNXT.c2m
-rwxr-xr-x. 1 p117902 IGN 23835256 Mar 17 01:03 code
-rw-r--r--. 1 p117902 IGN  6421399 Mar 17 01:33 COMPO_AT10_7
-rw-r--r--. 1 p117902 IGN     4355 Mar 17 01:03 Geom_C.c2m
-rw-r--r--. 1 p117902 IGN     4618 Mar 17 01:03 Geom_C_SALT.c2m
-rw-r--r--. 1 p117902 IGN    12930 Mar 17 01:03 Geom_C_SALT.l2m
-rw-------. 1 p117902 IGN    18224 Mar 17 01:03 Geom_C_SALT.o2m
lrwxrwxrwx. 1 p117902 IGN      114 Mar 17 01:03 J311_295 -> /home/p117902/working_dir/BWR_project/Version5_beta_ev3198/Dragon/../../libraries/l_endian/draglibJeff3p1p1SHEM295
-rw-r--r--. 1 p117902 IGN    18619 Mar 17 01:03 Mix_Cell.c2m
-rw-r--r--. 1 p117902 IGN    75650 Mar 17 01:03 Mix_Cell.l2m
-rw-------. 1 p117902 IGN   111848 Mar 17 01:03 Mix_Cell.o2m
-rw-r--r--. 1 p117902 IGN     4349 Mar 17 01:03 mydata
-rw-r--r--. 1 p117902 IGN     4745 Mar 17 01:04 PIN_AT10_FIG_FLX.ps
-rw-r--r--. 1 p117902 IGN     3819 Mar 17 01:04 PIN_AT10_FIG_SS.ps
-rw-r--r--. 1 p117902 IGN     2464 Mar 17 01:03 TRK_C_SALT.c2m
-rw-r--r--. 1 p117902 IGN     8322 Mar 17 01:04 TRK_C_SALT.l2m
-rw-------. 1 p117902 IGN    11456 Mar 17 01:04 TRK_C_SALT.o2m
-rw-r--r--. 1 p117902 IGN     1604 Mar 17 01:03 TRK_C_SYB.c2m
-rw-r--r--. 1 p117902 IGN     2458 Mar 17 01:03 TRK_C_SYBNXT.c2m
AT-10_pin.save completed
the listing is located on ./Linux_x86_64
>|+++ Burnup=  6.000000e+04  Kinf=  8.417885e-01  at step 80                                                              |>0166
->@BEGIN MODULE : EQU:        
->@DESCRIPTION  : No description available for this module                                
->@CREDITS      : No author provided for this module                                      
->@COPYRIGHTS   : ECOLE POLYTECHNIQUE DE MONTREAL  
                  GNU LESSER GENERAL PUBLIC LICENSE

 DRVEQU: A LCM OBJECT NAMED 'COMPO       ' WAS EXPORTED TO FILE '_COMPO      '.
-->>module EQU:        : time spent=        0.167 memory usage= 1.800E+02
->@END MODULE   : EQU:        
>|AT10_24UOX_SALT_TSPC completed                                                                                          |>0066

 normal end of execution for dragon 5  Version 5.0.10 ($Revision: 3198 $)              
 check for warning in listing
 before assuming your run was successful
End of execution. Total execution time: 11h 23min 54s
access AT-10_pin.save
total 189544
-rw-r--r--. 1 p117902 IGN       902 Mar 17 01:01 assertS.c2m
-rw-r--r--. 1 p117902 IGN       798 Mar 17 01:01 assertV.c2m
-rw-r--r--. 1 p117902 IGN 169631924 Mar 17 12:25 AT10_ASSBLY.result
-rwxr-xr-x. 1 p117902 IGN  23835256 Mar 17 01:01 code
-rw-r--r--. 1 p117902 IGN     67526 Mar 17 01:01 FIG_main.ps
-rw-r--r--. 1 p117902 IGN     25271 Mar 17 01:01 FIG_selfshielding.ps
-rw-r--r--. 1 p117902 IGN      7654 Mar 17 01:01 Geom_A2.c2m
-rw-r--r--. 1 p117902 IGN     31993 Mar 17 01:01 Geom_A.c2m
-rw-r--r--. 1 p117902 IGN     91387 Mar 17 01:01 Geom_A.l2m
-rw-------. 1 p117902 IGN    141176 Mar 17 01:01 Geom_A.o2m
-rw-r--r--. 1 p117902 IGN      9627 Mar 17 01:01 Geom_C.c2m
-rw-r--r--. 1 p117902 IGN     19598 Mar 17 01:01 Geom_Test.c2m
lrwxrwxrwx. 1 p117902 IGN       114 Mar 17 01:01 J311_295 -> /home/p117902/working_dir/BWR_project/Version5_beta_ev3198/Dragon/../../libraries/l_endian/draglibJeff3p1p1SHEM295
-rw-r--r--. 1 p117902 IGN     15768 Mar 17 01:01 Mix_ASSBLY.c2m
-rw-r--r--. 1 p117902 IGN     59010 Mar 17 01:01 Mix_ASSBLY.l2m
-rw-------. 1 p117902 IGN     87972 Mar 17 01:01 Mix_ASSBLY.o2m
-rw-r--r--. 1 p117902 IGN      2194 Mar 17 01:01 mydata
-rw-r--r--. 1 p117902 IGN      1805 Mar 17 01:01 TRK_A_SALT.c2m
-rw-r--r--. 1 p117902 IGN      8962 Mar 17 01:01 TRK_A_SALT.l2m
-rw-------. 1 p117902 IGN     11832 Mar 17 01:01 TRK_A_SALT.o2m
mv: cannot stat ‘tracks_SALT_ASSBLY.m’: No such file or directory
mv: cannot stat ‘tracks_SALT_SS_ASSBLY.m’: No such file or directory
AT10_ASSBLY.save completed
the listing is located on ./Linux_x86_64
 ++ TOTAL NUMBER OF FLUX CALCULATIONS=     30266
->@END MODULE   : FLU:        
-->>MODULE FLU:        : TIME SPENT=    18183.416 MEMORY USAGE= 0.000E+00
->@BEGIN MODULE : GREP:       
->@DESCRIPTION  : No description available for this module                                
->@CREDITS      : No author provided for this module                                      
->@COPYRIGHTS   : ECOLE POLYTECHNIQUE DE MONTREAL  
                  GNU LESSER GENERAL PUBLIC LICENSE
-->>module GREP:       : time spent=        0.016 memory usage= 0.000E+00
->@END MODULE   : GREP:       
>|AT10_nominal  t=0 calculation completed, Kinf =   1.056329e+00                                                          |>0049

 normal end of execution for dragon 5  Version 5.0.10 ($Revision: 3198 $)              
 check for warning in listing
 before assuming your run was successful
execute AT10_ASSBLY with Dragon on system Linux_x86_64 with custom compiler
use the existing directory Linux_x86_64
RunDirectory: /tmp/rundir2
use little endian libraries
AT10_ASSBLY access script terminated
End of execution. Total execution time: 10h 43min 1s
access AT-10_pin.save
total 189532
-rw-r--r--. 1 p117902 IGN       902 Mar 17 13:06 assertS.c2m
-rw-r--r--. 1 p117902 IGN       798 Mar 17 13:06 assertV.c2m
-rw-r--r--. 1 p117902 IGN 169622078 Mar 17 23:49 AT10_ASSBLY.result
-rwxr-xr-x. 1 p117902 IGN  23835256 Mar 17 13:06 code
-rw-r--r--. 1 p117902 IGN     67526 Mar 17 13:06 FIG_main.ps
-rw-r--r--. 1 p117902 IGN     25271 Mar 17 13:06 FIG_selfshielding.ps
-rw-r--r--. 1 p117902 IGN      7654 Mar 17 13:06 Geom_A2.c2m
-rw-r--r--. 1 p117902 IGN     31993 Mar 17 13:06 Geom_A.c2m
-rw-r--r--. 1 p117902 IGN     91387 Mar 17 13:06 Geom_A.l2m
-rw-------. 1 p117902 IGN    141176 Mar 17 13:06 Geom_A.o2m
-rw-r--r--. 1 p117902 IGN      9627 Mar 17 13:06 Geom_C.c2m
-rw-r--r--. 1 p117902 IGN     19598 Mar 17 13:06 Geom_Test.c2m
lrwxrwxrwx. 1 p117902 IGN       114 Mar 17 13:06 J311_295 -> /home/p117902/working_dir/BWR_project/Version5_beta_ev3198/Dragon/../../libraries/l_endian/draglibJeff3p1p1SHEM295
-rw-r--r--. 1 p117902 IGN     15768 Mar 17 13:06 Mix_ASSBLY.c2m
-rw-r--r--. 1 p117902 IGN     59010 Mar 17 13:06 Mix_ASSBLY.l2m
-rw-------. 1 p117902 IGN     87972 Mar 17 13:06 Mix_ASSBLY.o2m
-rw-r--r--. 1 p117902 IGN      2194 Mar 17 13:06 mydata
-rw-r--r--. 1 p117902 IGN      1805 Mar 17 13:06 TRK_A_SALT.c2m
-rw-r--r--. 1 p117902 IGN      8962 Mar 17 13:06 TRK_A_SALT.l2m
-rw-------. 1 p117902 IGN     11832 Mar 17 13:06 TRK_A_SALT.o2m
mv: cannot stat ‘tracks_SALT_ASSBLY.m’: No such file or directory
mv: cannot stat ‘tracks_SALT_SS_ASSBLY.m’: No such file or directory
AT10_ASSBLY.save completed
the listing is located on ./Linux_x86_64
 ++ TOTAL NUMBER OF FLUX CALCULATIONS=     25659
->@END MODULE   : FLU:        
-->>MODULE FLU:        : TIME SPENT=    15550.201 MEMORY USAGE= 0.000E+00
->@BEGIN MODULE : GREP:       
->@DESCRIPTION  : No description available for this module                                
->@CREDITS      : No author provided for this module                                      
->@COPYRIGHTS   : ECOLE POLYTECHNIQUE DE MONTREAL  
                  GNU LESSER GENERAL PUBLIC LICENSE
-->>module GREP:       : time spent=        0.059 memory usage= 0.000E+00
->@END MODULE   : GREP:       
>|AT10_void_40  t=0 calculation completed, Kinf =   1.048074e+00                                                          |>0049

 normal end of execution for dragon 5  Version 5.0.10 ($Revision: 3198 $)              
 check for warning in listing
 before assuming your run was successful
