execute BWR_project with PyGan on system Linux_x86_64 with custom compiler
use the existing directory Linux_x86_64
RunDirectory: /tmp/rundir3
Python version= 3.6
PythonPath= /home/p117902/working_dir/PolyBWR_project/Version5_ev3271/PyGan/../PyGan/lib/Linux_x86_64/python
use little endian libraries
AT-10_pin access script terminated
total 140
-rwxr-xr-x. 1 p117902 IGN   449 May  1 10:41 assertS.py
-rwxr-xr-x. 1 p117902 IGN   486 May  1 10:41 assertV.py
-rw-r--r--. 1 p117902 IGN  7984 May  1 10:41 BU_C.c2m
-rw-r--r--. 1 p117902 IGN  1152 May  1 10:41 BU_C.py
-rw-r--r--. 1 p117902 IGN  8114 May  1 10:41 BU_C_SYBNXT.c2m
-rw-r--r--. 1 p117902 IGN  1127 May  1 10:41 BU_C_SYBNXT.py
-rw-r--r--. 1 p117902 IGN  4355 May  1 10:41 GEO_C_NXT.c2m
-rw-r--r--. 1 p117902 IGN   981 May  1 10:41 GEO_C_NXT.py
-rw-r--r--. 1 p117902 IGN  4618 May  1 10:41 GEO_C_SALT.c2m
-rw-r--r--. 1 p117902 IGN   983 May  1 10:41 GEO_C_SALT.py
-rw-r--r--. 1 p117902 IGN 15861 May  1 10:41 getLists.py
lrwxrwxrwx. 1 p117902 IGN   112 May  1 10:41 J311_295 -> /home/p117902/working_dir/PolyBWR_project/Version5_ev3271/PyGan/../../libraries/l_endian/draglibJeff3p1p1SHEM295
-rw-r--r--. 1 p117902 IGN 18619 May  1 10:41 MIX_C.c2m
-rw-r--r--. 1 p117902 IGN   900 May  1 10:41 MIX_C.py
-rw-r--r--. 1 p117902 IGN  9788 May  1 10:41 mydata
-rw-r--r--. 1 p117902 IGN 15229 May  1 10:41 POSTPROC.py
-rw-r--r--. 1 p117902 IGN  2464 May  1 10:41 TRK_C_SALT.c2m
-rw-r--r--. 1 p117902 IGN  1613 May  1 10:41 TRK_C_SALT.py
-rw-r--r--. 1 p117902 IGN  2311 May  1 10:41 TRK_C_SYBNXT.c2m
-rw-r--r--. 1 p117902 IGN  1204 May  1 10:41 TRK_C_SYBNXT.py
End of execution. Total execution time: 0h 18min 48s
$$$ ----- BWR.save : script begin
$$$ ----- BWR.save : script finish
the listing is located on ./Linux_x86_64
    0    (   3)  outp_val0001   ( 1)  COMPO
    1    (   3)  inpu_val0002   ( 1)  LIBRARY
    2    (   3)  inpu_val0003   ( 1)  TRACK
    3    (   5)  inpu_val0004   ( 0)  TF_EXC
    4    (   3)  inpu_val0005   ( 1)  TRACK_SS
    5    (   5)  inpu_val0006   ( 0)  TF_EXC_SS
    6    (   3)  inpu_val0007   ( 1)  burnup_steps
    7    (  11)  inpu_val0008         val = 1
    8    (  13)  inpu_val0009         val = 'AT10_UOX'
    9    (  13)  inpu_val0010         val = './_COMPO_AT10_UOX_AT10_24UOXSALT_UOx4_autop5'

 access= 0:creation mode / 1:modification mode / 2:read-only mode

Length of Burnup points list is : 76
cle2000_dealloc: deallocate a cle2000 object
execute BWR_project with PyGan on system Linux_x86_64 with custom compiler
use the existing directory Linux_x86_64
RunDirectory: /tmp/rundir3
Python version= 3.6
PythonPath= /home/p117902/working_dir/PolyBWR_project/Version5_ev3271/PyGan/../PyGan/lib/Linux_x86_64/python
use little endian libraries
AT-10_pin access script terminated
total 140
-rwxr-xr-x. 1 p117902 IGN   449 May  1 11:18 assertS.py
-rwxr-xr-x. 1 p117902 IGN   486 May  1 11:18 assertV.py
-rw-r--r--. 1 p117902 IGN  7984 May  1 11:18 BU_C.c2m
-rw-r--r--. 1 p117902 IGN  1152 May  1 11:18 BU_C.py
-rw-r--r--. 1 p117902 IGN  8114 May  1 11:18 BU_C_SYBNXT.c2m
-rw-r--r--. 1 p117902 IGN  1127 May  1 11:18 BU_C_SYBNXT.py
-rw-r--r--. 1 p117902 IGN  4355 May  1 11:18 GEO_C_NXT.c2m
-rw-r--r--. 1 p117902 IGN   981 May  1 11:18 GEO_C_NXT.py
-rw-r--r--. 1 p117902 IGN  4618 May  1 11:18 GEO_C_SALT.c2m
-rw-r--r--. 1 p117902 IGN   983 May  1 11:18 GEO_C_SALT.py
-rw-r--r--. 1 p117902 IGN 15861 May  1 11:18 getLists.py
lrwxrwxrwx. 1 p117902 IGN   112 May  1 11:18 J311_295 -> /home/p117902/working_dir/PolyBWR_project/Version5_ev3271/PyGan/../../libraries/l_endian/draglibJeff3p1p1SHEM295
-rw-r--r--. 1 p117902 IGN 18619 May  1 11:18 MIX_C.c2m
-rw-r--r--. 1 p117902 IGN   900 May  1 11:18 MIX_C.py
-rw-r--r--. 1 p117902 IGN  9787 May  1 11:18 mydata
-rw-r--r--. 1 p117902 IGN 15229 May  1 11:18 POSTPROC.py
-rw-r--r--. 1 p117902 IGN  2464 May  1 11:18 TRK_C_SALT.c2m
-rw-r--r--. 1 p117902 IGN  1613 May  1 11:18 TRK_C_SALT.py
-rw-r--r--. 1 p117902 IGN  2311 May  1 11:18 TRK_C_SYBNXT.c2m
-rw-r--r--. 1 p117902 IGN  1204 May  1 11:18 TRK_C_SYBNXT.py
Traceback (most recent call last):
  File "mydata", line 270, in <module>
    POSTPROC(pyCOMPO,ListeCOMPO,name_geom,name_mix,suffixe,VISU_param,form,Nmin)
  File "/tmp/rundir3/POSTPROC.py", line 159, in POSTPROC
    res=serpentTools.read(SERPENT_path+"24UOX_test3_mc_res.m")
  File "/home/p117902/.local/lib/python3.6/site-packages/serpentTools/parsers/__init__.py", line 154, in read
    returnedFromLoader.read()
  File "/home/p117902/.local/lib/python3.6/site-packages/serpentTools/parsers/base.py", line 48, in read
    self._precheck()
  File "/home/p117902/.local/lib/python3.6/site-packages/serpentTools/parsers/results.py", line 510, in _precheck
    with open(self.filePath) as fid:
FileNotFoundError: [Errno 2] No such file or directory: '/home/p117902/working_dir/Serpent2_para_bateman/Linux_aarch64/24UOX_test3_mc_res.m'
End of execution. Total execution time: 0h 18min 45s
$$$ ----- BWR.save : script begin
$$$ ----- BWR.save : script finish
the listing is located on ./Linux_x86_64
    2    (   3)  inpu_val0003   ( 1)  TRACK
    3    (   5)  inpu_val0004   ( 0)  TF_EXC
    4    (   3)  inpu_val0005   ( 1)  TRACK_SS
    5    (   5)  inpu_val0006   ( 0)  TF_EXC_SS
    6    (   3)  inpu_val0007   ( 1)  burnup_steps
    7    (  11)  inpu_val0008         val = 1
    8    (  13)  inpu_val0009         val = 'AT10_UOX'
    9    (  13)  inpu_val0010         val = './_COMPO_AT10_UOX_AT10_24UOXSALT_UOx4_autop5'

 access= 0:creation mode / 1:modification mode / 2:read-only mode

Length of Burnup points list is : 76
$$$ ---------------- DRAGON_BU = [0.0, 30.0, 50.0, 75.0, 150.0, 250.0, 500.0, 750.0, 1000.0, 2000.0, 2500.0, 3000.0, 3500.0, 4000.0, 4500.0, 5000.0, 5500.0, 6000.0, 6500.0, 7000.0, 7500.0, 8000.0, 8500.0, 9000.0, 9500.0, 10000.0, 11000.0, 12000.0, 13000.0, 14000.0, 15000.0, 16000.0, 17000.0, 18000.0, 19000.0, 20000.0, 22000.0, 24000.0, 26000.0, 28000.0, 30000.0, 32000.0, 36000.0, 40000.0, 44000.0, 48000.0, 52000.0, 56000.0, 60000.0]
$$$ ---------------- LEN_DRAGON_BU = 49
cle2000_dealloc: deallocate a cle2000 object
execute BWR_project with PyGan on system Linux_x86_64 with custom compiler
use the existing directory Linux_x86_64
RunDirectory: /tmp/rundir3
Python version= 3.6
PythonPath= /home/p117902/working_dir/PolyBWR_project/Version5_ev3271/PyGan/../PyGan/lib/Linux_x86_64/python
use little endian libraries
AT-10_pin access script terminated
total 140
-rwxr-xr-x. 1 p117902 IGN   449 May  1 18:50 assertS.py
-rwxr-xr-x. 1 p117902 IGN   486 May  1 18:50 assertV.py
-rw-r--r--. 1 p117902 IGN  7984 May  1 18:50 BU_C.c2m
-rw-r--r--. 1 p117902 IGN  1152 May  1 18:50 BU_C.py
-rw-r--r--. 1 p117902 IGN  8114 May  1 18:50 BU_C_SYBNXT.c2m
-rw-r--r--. 1 p117902 IGN  1127 May  1 18:50 BU_C_SYBNXT.py
-rw-r--r--. 1 p117902 IGN  4355 May  1 18:50 GEO_C_NXT.c2m
-rw-r--r--. 1 p117902 IGN   981 May  1 18:50 GEO_C_NXT.py
-rw-r--r--. 1 p117902 IGN  4618 May  1 18:50 GEO_C_SALT.c2m
-rw-r--r--. 1 p117902 IGN   983 May  1 18:50 GEO_C_SALT.py
-rw-r--r--. 1 p117902 IGN 15861 May  1 18:50 getLists.py
lrwxrwxrwx. 1 p117902 IGN   112 May  1 18:50 J311_295 -> /home/p117902/working_dir/PolyBWR_project/Version5_ev3271/PyGan/../../libraries/l_endian/draglibJeff3p1p1SHEM295
-rw-r--r--. 1 p117902 IGN 18619 May  1 18:50 MIX_C.c2m
-rw-r--r--. 1 p117902 IGN   900 May  1 18:50 MIX_C.py
-rw-r--r--. 1 p117902 IGN  9789 May  1 18:50 mydata
-rw-r--r--. 1 p117902 IGN 15282 May  1 18:50 POSTPROC.py
-rw-r--r--. 1 p117902 IGN  2464 May  1 18:50 TRK_C_SALT.c2m
-rw-r--r--. 1 p117902 IGN  1613 May  1 18:50 TRK_C_SALT.py
-rw-r--r--. 1 p117902 IGN  2311 May  1 18:50 TRK_C_SYBNXT.c2m
-rw-r--r--. 1 p117902 IGN  1204 May  1 18:50 TRK_C_SYBNXT.py
SERPENT Serpent 2.1.32 found in /home/p117902/working_dir/Serpent2_para_bateman/Linux_aarch64/24UOX_test_3_mc_res.m, but version 2.1.31 is defined in settings
  Attemping to read anyway. Please report strange behaviors/failures to developers.
End of execution. Total execution time: 0h 12min 49s
$$$ ----- BWR.save : script begin
cp: cannot stat ‘*.ps’: No such file or directory
$$$ ----- BWR.save : script finish
the listing is located on ./Linux_x86_64
    8    (  13)  inpu_val0009         val = './_COMPO_AT10_UOX_AT10_24UOXSYBNXT_UOx4_autop5'

 access= 0:creation mode / 1:modification mode / 2:read-only mode

Length of Burnup points list is : 76
$$$ ---------------- DRAGON_BU = [0.0, 30.0, 50.0, 75.0, 150.0, 250.0, 500.0, 750.0, 1000.0, 2000.0, 2500.0, 3000.0, 3500.0, 4000.0, 4500.0, 5000.0, 5500.0, 6000.0, 6500.0, 7000.0, 7500.0, 8000.0, 8500.0, 9000.0, 9500.0, 10000.0, 11000.0, 12000.0, 13000.0, 14000.0, 15000.0, 16000.0, 17000.0, 18000.0, 19000.0, 20000.0, 22000.0, 24000.0, 26000.0, 28000.0, 30000.0, 32000.0, 36000.0, 40000.0, 44000.0, 48000.0, 52000.0, 56000.0, 60000.0]
$$$ ---------------- LEN_DRAGON_BU = 49
$$$ ---------------- SERPENT_BU shape = (49,)
$$$ ---------------- SERPENT_keff shape = (49, 2)
$$$ ---------------- SERPENT_ISOTOPESDENS shape = (11, 49)
$$$ -------- POSTPROC.py : DRAGON5 figures 
$$$ -------- POSTPROC.py : Serpent2 figures 
$$$ -------- POSTPROC.py : Comparison DRAGON5 / Serpent2 figures 
$$$ -------- POSTPROC.py : ERROR DRAGON5-Serpent2 figures 
cle2000_dealloc: deallocate a cle2000 object
