execute BWR_project with PyGan on system Linux_aarch64
use the existing directory Linux_aarch64
RunDirectory: /tmp/rundir30
Python version= 3.8
use little endian libraries
AT-10_pin access script terminated
total 144
-rwxr-xr-x 1 p117902 IGN   449 Apr  7 02:07 assertS.py
-rwxr-xr-x 1 p117902 IGN   486 Apr  7 02:07 assertV.py
-rw-r--r-- 1 p117902 IGN  7984 Apr  7 02:07 BU_C.c2m
-rw-r--r-- 1 p117902 IGN  1152 Apr  7 02:07 BU_C.py
-rw-r--r-- 1 p117902 IGN  8114 Apr  7 02:07 BU_C_SYBNXT.c2m
-rw-r--r-- 1 p117902 IGN  1127 Apr  7 02:07 BU_C_SYBNXT.py
-rw-r--r-- 1 p117902 IGN  4355 Apr  7 02:07 GEO_C_NXT.c2m
-rw-r--r-- 1 p117902 IGN   981 Apr  7 02:07 GEO_C_NXT.py
-rw-r--r-- 1 p117902 IGN  4618 Apr  7 02:07 GEO_C_SALT.c2m
-rw-r--r-- 1 p117902 IGN   983 Apr  7 02:07 GEO_C_SALT.py
-rw-r--r-- 1 p117902 IGN 15861 Apr  7 02:07 getLists.py
lrwxrwxrwx 1 p117902 IGN   112 Apr  7 02:07 J311_295 -> /home/p117902/working_dir/PolyBWR_project/Version5_ev3232/PyGan/../../libraries/l_endian/draglibJeff3p1p1SHEM295
-rw-r--r-- 1 p117902 IGN 18619 Apr  7 02:07 MIX_C.c2m
-rw-r--r-- 1 p117902 IGN   900 Apr  7 02:07 MIX_C.py
-rw-r--r-- 1 p117902 IGN  9720 Apr  7 02:07 mydata
-rw-r--r-- 1 p117902 IGN 14855 Apr  7 02:07 POSTPROC.py
-rw-r--r-- 1 p117902 IGN  2464 Apr  7 02:07 TRK_C_SALT.c2m
-rw-r--r-- 1 p117902 IGN  1613 Apr  7 02:07 TRK_C_SALT.py
-rw-r--r-- 1 p117902 IGN  2311 Apr  7 02:07 TRK_C_SYBNXT.c2m
-rw-r--r-- 1 p117902 IGN  1204 Apr  7 02:07 TRK_C_SYBNXT.py
Traceback (most recent call last):
  File "mydata", line 267, in <module>
    POSTPROC(pyCOMPO,ListeCOMPO,name_geom,name_mix,suffixe,VISU_param,form,Nmin)
  File "/tmp/rundir30/POSTPROC.py", line 157, in POSTPROC
    res=serpentTools.read(SERPENT_path+name_mix+"_mc_"+serpent_suffix+"res.m")
  File "/home/p117902/.local/lib/python3.8/site-packages/serpentTools/parsers/__init__.py", line 154, in read
    returnedFromLoader.read()
  File "/home/p117902/.local/lib/python3.8/site-packages/serpentTools/parsers/base.py", line 48, in read
    self._precheck()
  File "/home/p117902/.local/lib/python3.8/site-packages/serpentTools/parsers/results.py", line 513, in _precheck
    with open(self.filePath) as fid:
FileNotFoundError: [Errno 2] No such file or directory: '/home/p117902/working_dir/Serpent2/Linux_x86_64/AT10_24UOX_mc_res.m'
End of execution. Total execution time: 0h 4min 19s
$$$ ----- BWR.save : script begin
cp: cannot stat '*.ps': No such file or directory
$$$ ----- BWR.save : script finish
the listing is located on ./Linux_aarch64
    1    (   3)  inpu_val0002   ( 1)  LIBRARY
    2    (   3)  inpu_val0003   ( 1)  TRACK
    3    (   5)  inpu_val0004   ( 0)  TF_EXC
    4    (   3)  inpu_val0005   ( 1)  TRACK_SS
    5    (   3)  inpu_val0006   ( 1)  burnup_steps
    6    (  11)  inpu_val0007         val = 1
    7    (  13)  inpu_val0008         val = 'AT10_UOX'
    8    (  13)  inpu_val0009         val = './_COMPO_AT10_UOX_AT10_24UOXSYBNXT_UOx_autop5'

 access= 0:creation mode / 1:modification mode / 2:read-only mode

Length of Burnup points list is : 49
$$$ ---------------- DRAGON_BU = [0.0, 30.0, 50.0, 75.0, 150.0, 250.0, 500.0, 750.0, 1000.0, 2000.0, 2500.0, 3000.0, 3500.0, 4000.0, 4500.0, 5000.0, 5500.0, 6000.0, 6500.0, 7000.0, 7500.0, 8000.0, 8500.0, 9000.0, 9500.0, 10000.0, 11000.0, 12000.0, 13000.0, 14000.0, 15000.0, 16000.0, 17000.0, 18000.0, 19000.0, 20000.0, 22000.0, 24000.0, 26000.0, 28000.0, 30000.0, 32000.0, 36000.0, 40000.0, 44000.0, 48000.0, 52000.0, 56000.0, 60000.0]
$$$ ---------------- LEN_DRAGON_BU = 49
cle2000_dealloc: deallocate a cle2000 object
execute BWR_project with PyGan on system Linux_aarch64
use the existing directory Linux_aarch64
RunDirectory: /tmp/rundir30
Python version= 3.8
use little endian libraries
AT-10_pin access script terminated
total 144
-rwxr-xr-x 1 p117902 IGN   449 Apr  7 12:48 assertS.py
-rwxr-xr-x 1 p117902 IGN   486 Apr  7 12:48 assertV.py
-rw-r--r-- 1 p117902 IGN  7984 Apr  7 12:48 BU_C.c2m
-rw-r--r-- 1 p117902 IGN  1152 Apr  7 12:48 BU_C.py
-rw-r--r-- 1 p117902 IGN  8114 Apr  7 12:48 BU_C_SYBNXT.c2m
-rw-r--r-- 1 p117902 IGN  1127 Apr  7 12:48 BU_C_SYBNXT.py
-rw-r--r-- 1 p117902 IGN  4355 Apr  7 12:48 GEO_C_NXT.c2m
-rw-r--r-- 1 p117902 IGN   981 Apr  7 12:48 GEO_C_NXT.py
-rw-r--r-- 1 p117902 IGN  4618 Apr  7 12:48 GEO_C_SALT.c2m
-rw-r--r-- 1 p117902 IGN   983 Apr  7 12:48 GEO_C_SALT.py
-rw-r--r-- 1 p117902 IGN 15861 Apr  7 12:48 getLists.py
lrwxrwxrwx 1 p117902 IGN   112 Apr  7 12:48 J311_295 -> /home/p117902/working_dir/PolyBWR_project/Version5_ev3232/PyGan/../../libraries/l_endian/draglibJeff3p1p1SHEM295
-rw-r--r-- 1 p117902 IGN 18619 Apr  7 12:48 MIX_C.c2m
-rw-r--r-- 1 p117902 IGN   900 Apr  7 12:48 MIX_C.py
-rw-r--r-- 1 p117902 IGN  9721 Apr  7 12:48 mydata
-rw-r--r-- 1 p117902 IGN 15053 Apr  7 12:48 POSTPROC.py
-rw-r--r-- 1 p117902 IGN  2464 Apr  7 12:48 TRK_C_SALT.c2m
-rw-r--r-- 1 p117902 IGN  1613 Apr  7 12:48 TRK_C_SALT.py
-rw-r--r-- 1 p117902 IGN  2311 Apr  7 12:48 TRK_C_SYBNXT.c2m
-rw-r--r-- 1 p117902 IGN  1204 Apr  7 12:48 TRK_C_SYBNXT.py
Traceback (most recent call last):
  File "mydata", line 267, in <module>
    POSTPROC(pyCOMPO,ListeCOMPO,name_geom,name_mix,suffixe,VISU_param,form,Nmin)
  File "/tmp/rundir30/POSTPROC.py", line 158, in POSTPROC
    res=serpentTools.read(SERPENT_path+name_mix+"_mc_"+serpent_suffix+"res.m")
  File "/home/p117902/.local/lib/python3.8/site-packages/serpentTools/parsers/__init__.py", line 154, in read
    returnedFromLoader.read()
  File "/home/p117902/.local/lib/python3.8/site-packages/serpentTools/parsers/base.py", line 48, in read
    self._precheck()
  File "/home/p117902/.local/lib/python3.8/site-packages/serpentTools/parsers/results.py", line 513, in _precheck
    with open(self.filePath) as fid:
FileNotFoundError: [Errno 2] No such file or directory: '/home/p117902/Serpent2/Linux_x86_64/AT10_24UOX_mc_UOx4_res.m'
End of execution. Total execution time: 0h 5min 55s
$$$ ----- BWR.save : script begin
cp: cannot stat '*.ps': No such file or directory
$$$ ----- BWR.save : script finish
the listing is located on ./Linux_aarch64
    1    (   3)  inpu_val0002   ( 1)  LIBRARY
    2    (   3)  inpu_val0003   ( 1)  TRACK
    3    (   5)  inpu_val0004   ( 0)  TF_EXC
    4    (   3)  inpu_val0005   ( 1)  TRACK_SS
    5    (   3)  inpu_val0006   ( 1)  burnup_steps
    6    (  11)  inpu_val0007         val = 1
    7    (  13)  inpu_val0008         val = 'AT10_UOX'
    8    (  13)  inpu_val0009         val = './_COMPO_AT10_UOX_AT10_24UOXSYBNXT_UOx4_autop5'

 access= 0:creation mode / 1:modification mode / 2:read-only mode

Length of Burnup points list is : 76
$$$ ---------------- DRAGON_BU = [0.0, 30.0, 50.0, 75.0, 150.0, 250.0, 500.0, 750.0, 1000.0, 2000.0, 2500.0, 3000.0, 3500.0, 4000.0, 4500.0, 5000.0, 5500.0, 6000.0, 6500.0, 7000.0, 7500.0, 8000.0, 8500.0, 9000.0, 9500.0, 10000.0, 11000.0, 12000.0, 13000.0, 14000.0, 15000.0, 16000.0, 17000.0, 18000.0, 19000.0, 20000.0, 22000.0, 24000.0, 26000.0, 28000.0, 30000.0, 32000.0, 36000.0, 40000.0, 44000.0, 48000.0, 52000.0, 56000.0, 60000.0]
$$$ ---------------- LEN_DRAGON_BU = 49
cle2000_dealloc: deallocate a cle2000 object
